# JRE version: Java(TM) SE Runtime Environment (7.0_51-b13) (build 1.7.0_51-b13)
# Java VM: Java HotSpot(TM) 64-Bit Server VM (24.51-b03 mixed mode bsd-amd64 compressed oops)
Heap
 PSYoungGen      total 159232K, used 62173K [0x00000007eaa80000, 0x00000007fc280000, 0x0000000800000000)
  eden space 43008K, 100% used [0x00000007eaa80000,0x00000007ed480000,0x00000007ed480000)
  from space 116224K, 16% used [0x00000007ed480000,0x00000007ee737608,0x00000007f4600000)
  to   space 116224K, 0% used [0x00000007f5100000,0x00000007f5100000,0x00000007fc280000)
 ParOldGen       total 428032K, used 269733K [0x00000007c0000000, 0x00000007da200000, 0x00000007eaa80000)
  object space 428032K, 63% used [0x00000007c0000000,0x00000007d07696c8,0x00000007da200000)
 PSPermGen       total 21504K, used 2799K [0x00000007bae00000, 0x00000007bc300000, 0x00000007c0000000)
  object space 21504K, 13% used [0x00000007bae00000,0x00000007bb0bbee0,0x00000007bc300000)
GC Heap History (10 events):
Event: 12.539 GC heap before
{Heap before GC invocations=11 (full 3):
 PSYoungGen      total 99328K, used 99328K [0x00000007eaa80000, 0x00000007f7c00000, 0x0000000800000000)
  eden space 46080K, 100% used [0x00000007eaa80000,0x00000007ed780000,0x00000007ed780000)
  from space 53248K, 100% used [0x00000007ed780000,0x00000007f0b80000,0x00000007f0b80000)
  to   space 78336K, 0% used [0x00000007f2f80000,0x00000007f2f80000,0x00000007f7c00000)
 ParOldGen       total 267776K, used 173317K [0x00000007c0000000, 0x00000007d0580000, 0x00000007eaa80000)
  object space 267776K, 64% used [0x00000007c0000000,0x00000007ca9417c0,0x00000007d0580000)
 PSPermGen       total 21504K, used 2798K [0x00000007bae00000, 0x00000007bc300000, 0x00000007c0000000)
  object space 21504K, 13% used [0x00000007bae00000,0x00000007bb0bba00,0x00000007bc300000)
Event: 12.746 GC heap after
Heap after GC invocations=11 (full 3):
 PSYoungGen      total 114688K, used 78336K [0x00000007eaa80000, 0x00000007fa780000, 0x0000000800000000)
  eden space 36352K, 0% used [0x00000007eaa80000,0x00000007eaa80000,0x00000007ece00000)
  from space 78336K, 100% used [0x00000007f2f80000,0x00000007f7c00000,0x00000007f7c00000)
  to   space 99840K, 0% used [0x00000007ece00000,0x00000007ece00000,0x00000007f2f80000)
 ParOldGen       total 267776K, used 193981K [0x00000007c0000000, 0x00000007d0580000, 0x00000007eaa80000)
  object space 267776K, 72% used [0x00000007c0000000,0x00000007cbd6f7c0,0x00000007d0580000)
 PSPermGen       total 21504K, used 2798K [0x00000007bae00000, 0x00000007bc300000, 0x00000007c0000000)
  object space 21504K, 13% used [0x00000007bae00000,0x00000007bb0bba00,0x00000007bc300000)
}
Event: 13.226 GC heap before
{Heap before GC invocations=12 (full 3):
 PSYoungGen      total 114688K, used 114688K [0x00000007eaa80000, 0x00000007fa780000, 0x0000000800000000)
  eden space 36352K, 100% used [0x00000007eaa80000,0x00000007ece00000,0x00000007ece00000)
  from space 78336K, 100% used [0x00000007f2f80000,0x00000007f7c00000,0x00000007f7c00000)
  to   space 99840K, 0% used [0x00000007ece00000,0x00000007ece00000,0x00000007f2f80000)
 ParOldGen       total 267776K, used 193981K [0x00000007c0000000, 0x00000007d0580000, 0x00000007eaa80000)
  object space 267776K, 72% used [0x00000007c0000000,0x00000007cbd6f7c0,0x00000007d0580000)
 PSPermGen       total 21504K, used 2798K [0x00000007bae00000, 0x00000007bc300000, 0x00000007c0000000)
  object space 21504K, 13% used [0x00000007bae00000,0x00000007bb0bba00,0x00000007bc300000)
Event: 13.395 GC heap after
Heap after GC invocations=12 (full 3):
 PSYoungGen      total 136192K, used 99840K [0x00000007eaa80000, 0x00000007fb780000, 0x0000000800000000)
  eden space 36352K, 0% used [0x00000007eaa80000,0x00000007eaa80000,0x00000007ece00000)
  from space 99840K, 100% used [0x00000007ece00000,0x00000007f2f80000,0x00000007f2f80000)
  to   space 116224K, 0% used [0x00000007f4600000,0x00000007f4600000,0x00000007fb780000)
 ParOldGen       total 267776K, used 208917K [0x00000007c0000000, 0x00000007d0580000, 0x00000007eaa80000)
  object space 267776K, 78% used [0x00000007c0000000,0x00000007ccc057c0,0x00000007d0580000)
 PSPermGen       total 21504K, used 2798K [0x00000007bae00000, 0x00000007bc300000, 0x00000007c0000000)
  object space 21504K, 13% used [0x00000007bae00000,0x00000007bb0bba00,0x00000007bc300000)
}
Event: 13.829 GC heap before
{Heap before GC invocations=13 (full 3):
 PSYoungGen      total 136192K, used 136192K [0x00000007eaa80000, 0x00000007fb780000, 0x0000000800000000)
  eden space 36352K, 100% used [0x00000007eaa80000,0x00000007ece00000,0x00000007ece00000)
  from space 99840K, 100% used [0x00000007ece00000,0x00000007f2f80000,0x00000007f2f80000)
  to   space 116224K, 0% used [0x00000007f4600000,0x00000007f4600000,0x00000007fb780000)
 ParOldGen       total 267776K, used 208917K [0x00000007c0000000, 0x00000007d0580000, 0x00000007eaa80000)
  object space 267776K, 78% used [0x00000007c0000000,0x00000007ccc057c0,0x00000007d0580000)
 PSPermGen       total 21504K, used 2798K [0x00000007bae00000, 0x00000007bc300000, 0x00000007c0000000)
  object space 21504K, 13% used [0x00000007bae00000,0x00000007bb0bba00,0x00000007bc300000)
Event: 14.063 GC heap after
Heap after GC invocations=13 (full 3):
 PSYoungGen      total 159232K, used 116224K [0x00000007eaa80000, 0x00000007fb880000, 0x0000000800000000)
  eden space 43008K, 0% used [0x00000007eaa80000,0x00000007eaa80000,0x00000007ed480000)
  from space 116224K, 100% used [0x00000007f4600000,0x00000007fb780000,0x00000007fb780000)
  to   space 116224K, 0% used [0x00000007ed480000,0x00000007ed480000,0x00000007f4600000)
 ParOldGen       total 267776K, used 221085K [0x00000007c0000000, 0x00000007d0580000, 0x00000007eaa80000)
  object space 267776K, 82% used [0x00000007c0000000,0x00000007cd7e77c0,0x00000007d0580000)
 PSPermGen       total 21504K, used 2798K [0x00000007bae00000, 0x00000007bc300000, 0x00000007c0000000)
  object space 21504K, 13% used [0x00000007bae00000,0x00000007bb0bba00,0x00000007bc300000)
}
Event: 14.180 GC heap before
{Heap before GC invocations=14 (full 3):
 PSYoungGen      total 159232K, used 159232K [0x00000007eaa80000, 0x00000007fb880000, 0x0000000800000000)
  eden space 43008K, 100% used [0x00000007eaa80000,0x00000007ed480000,0x00000007ed480000)
  from space 116224K, 100% used [0x00000007f4600000,0x00000007fb780000,0x00000007fb780000)
  to   space 116224K, 0% used [0x00000007ed480000,0x00000007ed480000,0x00000007f4600000)
 ParOldGen       total 267776K, used 221085K [0x00000007c0000000, 0x00000007d0580000, 0x00000007eaa80000)
  object space 267776K, 82% used [0x00000007c0000000,0x00000007cd7e77c0,0x00000007d0580000)
 PSPermGen       total 21504K, used 2799K [0x00000007bae00000, 0x00000007bc300000, 0x00000007c0000000)
  object space 21504K, 13% used [0x00000007bae00000,0x00000007bb0bbee0,0x00000007bc300000)
Event: 14.386 GC heap after
Heap after GC invocations=14 (full 3):
 PSYoungGen      total 159232K, used 110976K [0x00000007eaa80000, 0x00000007fc280000, 0x0000000800000000)
  eden space 43008K, 0% used [0x00000007eaa80000,0x00000007eaa80000,0x00000007ed480000)
  from space 116224K, 95% used [0x00000007ed480000,0x00000007f40e0010,0x00000007f4600000)
  to   space 116224K, 0% used [0x00000007f5100000,0x00000007f5100000,0x00000007fc280000)
 ParOldGen       total 269824K, used 269197K [0x00000007c0000000, 0x00000007d0780000, 0x00000007eaa80000)
  object space 269824K, 99% used [0x00000007c0000000,0x00000007d06e37c0,0x00000007d0780000)
 PSPermGen       total 21504K, used 2799K [0x00000007bae00000, 0x00000007bc300000, 0x00000007c0000000)
  object space 21504K, 13% used [0x00000007bae00000,0x00000007bb0bbee0,0x00000007bc300000)
}
Event: 14.386 GC heap before
{Heap before GC invocations=15 (full 4):
 PSYoungGen      total 159232K, used 110976K [0x00000007eaa80000, 0x00000007fc280000, 0x0000000800000000)
  eden space 43008K, 0% used [0x00000007eaa80000,0x00000007eaa80000,0x00000007ed480000)
  from space 116224K, 95% used [0x00000007ed480000,0x00000007f40e0010,0x00000007f4600000)
  to   space 116224K, 0% used [0x00000007f5100000,0x00000007f5100000,0x00000007fc280000)
 ParOldGen       total 269824K, used 269197K [0x00000007c0000000, 0x00000007d0780000, 0x00000007eaa80000)
  object space 269824K, 99% used [0x00000007c0000000,0x00000007d06e37c0,0x00000007d0780000)
 PSPermGen       total 21504K, used 2799K [0x00000007bae00000, 0x00000007bc300000, 0x00000007c0000000)
  object space 21504K, 13% used [0x00000007bae00000,0x00000007bb0bbee0,0x00000007bc300000)
Event: 15.991 GC heap after
Heap after GC invocations=15 (full 4):
 PSYoungGen      total 159232K, used 19165K [0x00000007eaa80000, 0x00000007fc280000, 0x0000000800000000)
  eden space 43008K, 0% used [0x00000007eaa80000,0x00000007eaa80000,0x00000007ed480000)
  from space 116224K, 16% used [0x00000007ed480000,0x00000007ee737608,0x00000007f4600000)
  to   space 116224K, 0% used [0x00000007f5100000,0x00000007f5100000,0x00000007fc280000)
 ParOldGen       total 428032K, used 269733K [0x00000007c0000000, 0x00000007da200000, 0x00000007eaa80000)
  object space 428032K, 63% used [0x00000007c0000000,0x00000007d07696c8,0x00000007da200000)
 PSPermGen       total 21504K, used 2799K [0x00000007bae00000, 0x00000007bc300000, 0x00000007c0000000)
  object space 21504K, 13% used [0x00000007bae00000,0x00000007bb0bbee0,0x00000007bc300000)
}

