# JRE version: Java(TM) SE Runtime Environment (7.0_51-b13) (build 1.7.0_51-b13)
# Java VM: Java HotSpot(TM) 64-Bit Server VM (24.51-b03 mixed mode bsd-amd64 compressed oops)
Heap
 PSYoungGen      total 180736K, used 65449K [0x00000007eaa80000, 0x00000007fdf80000, 0x0000000800000000)
  eden space 64512K, 29% used [0x00000007eaa80000,0x00000007ebce79a8,0x00000007ee980000)
  from space 116224K, 40% used [0x00000007ee980000,0x00000007f1702b88,0x00000007f5b00000)
  to   space 116224K, 0% used [0x00000007f6e00000,0x00000007f6e00000,0x00000007fdf80000)
 ParOldGen       total 642048K, used 440805K [0x00000007c0000000, 0x00000007e7300000, 0x00000007eaa80000)
  object space 642048K, 68% used [0x00000007c0000000,0x00000007dae79538,0x00000007e7300000)
 PSPermGen       total 21504K, used 2808K [0x00000007bae00000, 0x00000007bc300000, 0x00000007c0000000)
  object space 21504K, 13% used [0x00000007bae00000,0x00000007bb0be118,0x00000007bc300000)
GC Heap History (10 events):
Event: 16.820 GC heap before
{Heap before GC invocations=16 (full 4):
 PSYoungGen      total 158720K, used 42496K [0x00000007eaa80000, 0x00000007fc000000, 0x0000000800000000)
  eden space 42496K, 100% used [0x00000007eaa80000,0x00000007ed400000,0x00000007ed400000)
  from space 116224K, 0% used [0x00000007ed400000,0x00000007ed400000,0x00000007f4580000)
  to   space 116224K, 0% used [0x00000007f4e80000,0x00000007f4e80000,0x00000007fc000000)
 ParOldGen       total 440832K, used 278006K [0x00000007c0000000, 0x00000007dae80000, 0x00000007eaa80000)
  object space 440832K, 63% used [0x00000007c0000000,0x00000007d0f7d870,0x00000007dae80000)
 PSPermGen       total 21504K, used 2798K [0x00000007bae00000, 0x00000007bc300000, 0x00000007c0000000)
  object space 21504K, 13% used [0x00000007bae00000,0x00000007bb0bba00,0x00000007bc300000)
Event: 16.944 GC heap after
Heap after GC invocations=16 (full 4):
 PSYoungGen      total 166912K, used 42624K [0x00000007eaa80000, 0x00000007fbf80000, 0x0000000800000000)
  eden space 51200K, 0% used [0x00000007eaa80000,0x00000007eaa80000,0x00000007edc80000)
  from space 115712K, 36% used [0x00000007f4e80000,0x00000007f7820010,0x00000007fbf80000)
  to   space 116224K, 0% used [0x00000007edc80000,0x00000007edc80000,0x00000007f4e00000)
 ParOldGen       total 440832K, used 278006K [0x00000007c0000000, 0x00000007dae80000, 0x00000007eaa80000)
  object space 440832K, 63% used [0x00000007c0000000,0x00000007d0f7d870,0x00000007dae80000)
 PSPermGen       total 21504K, used 2798K [0x00000007bae00000, 0x00000007bc300000, 0x00000007c0000000)
  object space 21504K, 13% used [0x00000007bae00000,0x00000007bb0bba00,0x00000007bc300000)
}
Event: 17.226 GC heap before
{Heap before GC invocations=17 (full 4):
 PSYoungGen      total 166912K, used 93824K [0x00000007eaa80000, 0x00000007fbf80000, 0x0000000800000000)
  eden space 51200K, 100% used [0x00000007eaa80000,0x00000007edc80000,0x00000007edc80000)
  from space 115712K, 36% used [0x00000007f4e80000,0x00000007f7820010,0x00000007fbf80000)
  to   space 116224K, 0% used [0x00000007edc80000,0x00000007edc80000,0x00000007f4e00000)
 ParOldGen       total 440832K, used 278006K [0x00000007c0000000, 0x00000007dae80000, 0x00000007eaa80000)
  object space 440832K, 63% used [0x00000007c0000000,0x00000007d0f7d870,0x00000007dae80000)
 PSPermGen       total 21504K, used 2798K [0x00000007bae00000, 0x00000007bc300000, 0x00000007c0000000)
  object space 21504K, 13% used [0x00000007bae00000,0x00000007bb0bba00,0x00000007bc300000)
Event: 17.872 GC heap after
Heap after GC invocations=17 (full 4):
 PSYoungGen      total 167424K, used 51360K [0x00000007eaa80000, 0x00000007fcc80000, 0x0000000800000000)
  eden space 51200K, 0% used [0x00000007eaa80000,0x00000007eaa80000,0x00000007edc80000)
  from space 116224K, 44% used [0x00000007edc80000,0x00000007f0ea8000,0x00000007f4e00000)
  to   space 116224K, 0% used [0x00000007f5b00000,0x00000007f5b00000,0x00000007fcc80000)
 ParOldGen       total 440832K, used 320606K [0x00000007c0000000, 0x00000007dae80000, 0x00000007eaa80000)
  object space 440832K, 72% used [0x00000007c0000000,0x00000007d3917880,0x00000007dae80000)
 PSPermGen       total 21504K, used 2798K [0x00000007bae00000, 0x00000007bc300000, 0x00000007c0000000)
  object space 21504K, 13% used [0x00000007bae00000,0x00000007bb0bba00,0x00000007bc300000)
}
Event: 18.070 GC heap before
{Heap before GC invocations=18 (full 4):
 PSYoungGen      total 167424K, used 102560K [0x00000007eaa80000, 0x00000007fcc80000, 0x0000000800000000)
  eden space 51200K, 100% used [0x00000007eaa80000,0x00000007edc80000,0x00000007edc80000)
  from space 116224K, 44% used [0x00000007edc80000,0x00000007f0ea8000,0x00000007f4e00000)
  to   space 116224K, 0% used [0x00000007f5b00000,0x00000007f5b00000,0x00000007fcc80000)
 ParOldGen       total 440832K, used 320606K [0x00000007c0000000, 0x00000007dae80000, 0x00000007eaa80000)
  object space 440832K, 72% used [0x00000007c0000000,0x00000007d3917880,0x00000007dae80000)
 PSPermGen       total 21504K, used 2798K [0x00000007bae00000, 0x00000007bc300000, 0x00000007c0000000)
  object space 21504K, 13% used [0x00000007bae00000,0x00000007bb0bba00,0x00000007bc300000)
Event: 18.567 GC heap after
Heap after GC invocations=18 (full 4):
 PSYoungGen      total 180736K, used 51392K [0x00000007eaa80000, 0x00000007fce00000, 0x0000000800000000)
  eden space 64512K, 0% used [0x00000007eaa80000,0x00000007eaa80000,0x00000007ee980000)
  from space 116224K, 44% used [0x00000007f5b00000,0x00000007f8d30000,0x00000007fcc80000)
  to   space 116224K, 0% used [0x00000007ee980000,0x00000007ee980000,0x00000007f5b00000)
 ParOldGen       total 440832K, used 371982K [0x00000007c0000000, 0x00000007dae80000, 0x00000007eaa80000)
  object space 440832K, 84% used [0x00000007c0000000,0x00000007d6b43880,0x00000007dae80000)
 PSPermGen       total 21504K, used 2798K [0x00000007bae00000, 0x00000007bc300000, 0x00000007c0000000)
  object space 21504K, 13% used [0x00000007bae00000,0x00000007bb0bba00,0x00000007bc300000)
}
Event: 19.089 GC heap before
{Heap before GC invocations=19 (full 4):
 PSYoungGen      total 180736K, used 115904K [0x00000007eaa80000, 0x00000007fce00000, 0x0000000800000000)
  eden space 64512K, 100% used [0x00000007eaa80000,0x00000007ee980000,0x00000007ee980000)
  from space 116224K, 44% used [0x00000007f5b00000,0x00000007f8d30000,0x00000007fcc80000)
  to   space 116224K, 0% used [0x00000007ee980000,0x00000007ee980000,0x00000007f5b00000)
 ParOldGen       total 440832K, used 371982K [0x00000007c0000000, 0x00000007dae80000, 0x00000007eaa80000)
  object space 440832K, 84% used [0x00000007c0000000,0x00000007d6b43880,0x00000007dae80000)
 PSPermGen       total 21504K, used 2798K [0x00000007bae00000, 0x00000007bc300000, 0x00000007c0000000)
  object space 21504K, 13% used [0x00000007bae00000,0x00000007bb0bba00,0x00000007bc300000)
Event: 19.645 GC heap after
Heap after GC invocations=19 (full 4):
 PSYoungGen      total 180736K, used 64672K [0x00000007eaa80000, 0x00000007fdf80000, 0x0000000800000000)
  eden space 64512K, 0% used [0x00000007eaa80000,0x00000007eaa80000,0x00000007ee980000)
  from space 116224K, 55% used [0x00000007ee980000,0x00000007f28a8000,0x00000007f5b00000)
  to   space 116224K, 0% used [0x00000007f6e00000,0x00000007f6e00000,0x00000007fdf80000)
 ParOldGen       total 440832K, used 423342K [0x00000007c0000000, 0x00000007dae80000, 0x00000007eaa80000)
  object space 440832K, 96% used [0x00000007c0000000,0x00000007d9d6b880,0x00000007dae80000)
 PSPermGen       total 21504K, used 2798K [0x00000007bae00000, 0x00000007bc300000, 0x00000007c0000000)
  object space 21504K, 13% used [0x00000007bae00000,0x00000007bb0bba00,0x00000007bc300000)
}
Event: 19.645 GC heap before
{Heap before GC invocations=20 (full 5):
 PSYoungGen      total 180736K, used 64672K [0x00000007eaa80000, 0x00000007fdf80000, 0x0000000800000000)
  eden space 64512K, 0% used [0x00000007eaa80000,0x00000007eaa80000,0x00000007ee980000)
  from space 116224K, 55% used [0x00000007ee980000,0x00000007f28a8000,0x00000007f5b00000)
  to   space 116224K, 0% used [0x00000007f6e00000,0x00000007f6e00000,0x00000007fdf80000)
 ParOldGen       total 440832K, used 423342K [0x00000007c0000000, 0x00000007dae80000, 0x00000007eaa80000)
  object space 440832K, 96% used [0x00000007c0000000,0x00000007d9d6b880,0x00000007dae80000)
 PSPermGen       total 21504K, used 2798K [0x00000007bae00000, 0x00000007bc300000, 0x00000007c0000000)
  object space 21504K, 13% used [0x00000007bae00000,0x00000007bb0bba00,0x00000007bc300000)
Event: 24.129 GC heap after
Heap after GC invocations=20 (full 5):
 PSYoungGen      total 180736K, used 46602K [0x00000007eaa80000, 0x00000007fdf80000, 0x0000000800000000)
  eden space 64512K, 0% used [0x00000007eaa80000,0x00000007eaa80000,0x00000007ee980000)
  from space 116224K, 40% used [0x00000007ee980000,0x00000007f1702b88,0x00000007f5b00000)
  to   space 116224K, 0% used [0x00000007f6e00000,0x00000007f6e00000,0x00000007fdf80000)
 ParOldGen       total 642048K, used 440805K [0x00000007c0000000, 0x00000007e7300000, 0x00000007eaa80000)
  object space 642048K, 68% used [0x00000007c0000000,0x00000007dae79538,0x00000007e7300000)
 PSPermGen       total 21504K, used 2798K [0x00000007bae00000, 0x00000007bc300000, 0x00000007c0000000)
  object space 21504K, 13% used [0x00000007bae00000,0x00000007bb0bba00,0x00000007bc300000)
}

