# JRE version: Java(TM) SE Runtime Environment (7.0_51-b13) (build 1.7.0_51-b13)
# Java VM: Java HotSpot(TM) 64-Bit Server VM (24.51-b03 mixed mode bsd-amd64 compressed oops)
Heap
 PSYoungGen      total 157184K, used 157152K [0x00000007eaa80000, 0x00000007fb800000, 0x0000000800000000)
  eden space 40960K, 100% used [0x00000007eaa80000,0x00000007ed280000,0x00000007ed280000)
  from space 116224K, 99% used [0x00000007f4400000,0x00000007fb578010,0x00000007fb580000)
  to   space 116224K, 0% used [0x00000007ed280000,0x00000007ed280000,0x00000007f4400000)
 ParOldGen       total 269312K, used 217093K [0x00000007c0000000, 0x00000007d0700000, 0x00000007eaa80000)
  object space 269312K, 80% used [0x00000007c0000000,0x00000007cd4017e0,0x00000007d0700000)
 PSPermGen       total 21504K, used 2799K [0x00000007bae00000, 0x00000007bc300000, 0x00000007c0000000)
  object space 21504K, 13% used [0x00000007bae00000,0x00000007bb0bbee0,0x00000007bc300000)
GC Heap History (10 events):
Event: 9.751 GC heap before
{Heap before GC invocations=9 (full 3):
 PSYoungGen      total 43008K, used 40448K [0x00000007eaa80000, 0x00000007f3c00000, 0x0000000800000000)
  eden space 40448K, 100% used [0x00000007eaa80000,0x00000007ed200000,0x00000007ed200000)
  from space 2560K, 0% used [0x00000007ed200000,0x00000007ed200000,0x00000007ed480000)
  to   space 50176K, 0% used [0x00000007f0b00000,0x00000007f0b00000,0x00000007f3c00000)
 ParOldGen       total 269312K, used 140069K [0x00000007c0000000, 0x00000007d0700000, 0x00000007eaa80000)
  object space 269312K, 52% used [0x00000007c0000000,0x00000007c88c97e0,0x00000007d0700000)
 PSPermGen       total 21504K, used 2798K [0x00000007bae00000, 0x00000007bc300000, 0x00000007c0000000)
  object space 21504K, 13% used [0x00000007bae00000,0x00000007bb0bba00,0x00000007bc300000)
Event: 9.895 GC heap after
Heap after GC invocations=9 (full 3):
 PSYoungGen      total 95744K, used 40416K [0x00000007eaa80000, 0x00000007f4100000, 0x0000000800000000)
  eden space 45568K, 0% used [0x00000007eaa80000,0x00000007eaa80000,0x00000007ed700000)
  from space 50176K, 80% used [0x00000007f0b00000,0x00000007f3278000,0x00000007f3c00000)
  to   space 53248K, 0% used [0x00000007ed700000,0x00000007ed700000,0x00000007f0b00000)
 ParOldGen       total 269312K, used 140069K [0x00000007c0000000, 0x00000007d0700000, 0x00000007eaa80000)
  object space 269312K, 52% used [0x00000007c0000000,0x00000007c88c97e0,0x00000007d0700000)
 PSPermGen       total 21504K, used 2798K [0x00000007bae00000, 0x00000007bc300000, 0x00000007c0000000)
  object space 21504K, 13% used [0x00000007bae00000,0x00000007bb0bba00,0x00000007bc300000)
}
Event: 10.361 GC heap before
{Heap before GC invocations=10 (full 3):
 PSYoungGen      total 95744K, used 85984K [0x00000007eaa80000, 0x00000007f4100000, 0x0000000800000000)
  eden space 45568K, 100% used [0x00000007eaa80000,0x00000007ed700000,0x00000007ed700000)
  from space 50176K, 80% used [0x00000007f0b00000,0x00000007f3278000,0x00000007f3c00000)
  to   space 53248K, 0% used [0x00000007ed700000,0x00000007ed700000,0x00000007f0b00000)
 ParOldGen       total 269312K, used 140069K [0x00000007c0000000, 0x00000007d0700000, 0x00000007eaa80000)
  object space 269312K, 52% used [0x00000007c0000000,0x00000007c88c97e0,0x00000007d0700000)
 PSPermGen       total 21504K, used 2798K [0x00000007bae00000, 0x00000007bc300000, 0x00000007c0000000)
  object space 21504K, 13% used [0x00000007bae00000,0x00000007bb0bba00,0x00000007bc300000)
Event: 10.575 GC heap after
Heap after GC invocations=10 (full 3):
 PSYoungGen      total 98816K, used 53248K [0x00000007eaa80000, 0x00000007f7880000, 0x0000000800000000)
  eden space 45568K, 0% used [0x00000007eaa80000,0x00000007eaa80000,0x00000007ed700000)
  from space 53248K, 100% used [0x00000007ed700000,0x00000007f0b00000,0x00000007f0b00000)
  to   space 77312K, 0% used [0x00000007f2d00000,0x00000007f2d00000,0x00000007f7880000)
 ParOldGen       total 269312K, used 172349K [0x00000007c0000000, 0x00000007d0700000, 0x00000007eaa80000)
  object space 269312K, 63% used [0x00000007c0000000,0x00000007ca84f7e0,0x00000007d0700000)
 PSPermGen       total 21504K, used 2798K [0x00000007bae00000, 0x00000007bc300000, 0x00000007c0000000)
  object space 21504K, 13% used [0x00000007bae00000,0x00000007bb0bba00,0x00000007bc300000)
}
Event: 11.041 GC heap before
{Heap before GC invocations=11 (full 3):
 PSYoungGen      total 98816K, used 98816K [0x00000007eaa80000, 0x00000007f7880000, 0x0000000800000000)
  eden space 45568K, 100% used [0x00000007eaa80000,0x00000007ed700000,0x00000007ed700000)
  from space 53248K, 100% used [0x00000007ed700000,0x00000007f0b00000,0x00000007f0b00000)
  to   space 77312K, 0% used [0x00000007f2d00000,0x00000007f2d00000,0x00000007f7880000)
 ParOldGen       total 269312K, used 172349K [0x00000007c0000000, 0x00000007d0700000, 0x00000007eaa80000)
  object space 269312K, 63% used [0x00000007c0000000,0x00000007ca84f7e0,0x00000007d0700000)
 PSPermGen       total 21504K, used 2798K [0x00000007bae00000, 0x00000007bc300000, 0x00000007c0000000)
  object space 21504K, 13% used [0x00000007bae00000,0x00000007bb0bba00,0x00000007bc300000)
Event: 11.208 GC heap after
Heap after GC invocations=11 (full 3):
 PSYoungGen      total 112128K, used 77312K [0x00000007eaa80000, 0x00000007fa400000, 0x0000000800000000)
  eden space 34816K, 0% used [0x00000007eaa80000,0x00000007eaa80000,0x00000007ecc80000)
  from space 77312K, 100% used [0x00000007f2d00000,0x00000007f7880000,0x00000007f7880000)
  to   space 98816K, 0% used [0x00000007ecc80000,0x00000007ecc80000,0x00000007f2d00000)
 ParOldGen       total 269312K, used 193773K [0x00000007c0000000, 0x00000007d0700000, 0x00000007eaa80000)
  object space 269312K, 71% used [0x00000007c0000000,0x00000007cbd3b7e0,0x00000007d0700000)
 PSPermGen       total 21504K, used 2798K [0x00000007bae00000, 0x00000007bc300000, 0x00000007c0000000)
  object space 21504K, 13% used [0x00000007bae00000,0x00000007bb0bba00,0x00000007bc300000)
}
Event: 11.556 GC heap before
{Heap before GC invocations=12 (full 3):
 PSYoungGen      total 112128K, used 112128K [0x00000007eaa80000, 0x00000007fa400000, 0x0000000800000000)
  eden space 34816K, 100% used [0x00000007eaa80000,0x00000007ecc80000,0x00000007ecc80000)
  from space 77312K, 100% used [0x00000007f2d00000,0x00000007f7880000,0x00000007f7880000)
  to   space 98816K, 0% used [0x00000007ecc80000,0x00000007ecc80000,0x00000007f2d00000)
 ParOldGen       total 269312K, used 193773K [0x00000007c0000000, 0x00000007d0700000, 0x00000007eaa80000)
  object space 269312K, 71% used [0x00000007c0000000,0x00000007cbd3b7e0,0x00000007d0700000)
 PSPermGen       total 21504K, used 2798K [0x00000007bae00000, 0x00000007bc300000, 0x00000007c0000000)
  object space 21504K, 13% used [0x00000007bae00000,0x00000007bb0bba00,0x00000007bc300000)
Event: 11.695 GC heap after
Heap after GC invocations=12 (full 3):
 PSYoungGen      total 133632K, used 98816K [0x00000007eaa80000, 0x00000007fb580000, 0x0000000800000000)
  eden space 34816K, 0% used [0x00000007eaa80000,0x00000007eaa80000,0x00000007ecc80000)
  from space 98816K, 100% used [0x00000007ecc80000,0x00000007f2d00000,0x00000007f2d00000)
  to   space 116224K, 0% used [0x00000007f4400000,0x00000007f4400000,0x00000007fb580000)
 ParOldGen       total 269312K, used 199725K [0x00000007c0000000, 0x00000007d0700000, 0x00000007eaa80000)
  object space 269312K, 74% used [0x00000007c0000000,0x00000007cc30b7e0,0x00000007d0700000)
 PSPermGen       total 21504K, used 2798K [0x00000007bae00000, 0x00000007bc300000, 0x00000007c0000000)
  object space 21504K, 13% used [0x00000007bae00000,0x00000007bb0bba00,0x00000007bc300000)
}
Event: 11.765 GC heap before
{Heap before GC invocations=13 (full 3):
 PSYoungGen      total 133632K, used 133632K [0x00000007eaa80000, 0x00000007fb580000, 0x0000000800000000)
  eden space 34816K, 100% used [0x00000007eaa80000,0x00000007ecc80000,0x00000007ecc80000)
  from space 98816K, 100% used [0x00000007ecc80000,0x00000007f2d00000,0x00000007f2d00000)
  to   space 116224K, 0% used [0x00000007f4400000,0x00000007f4400000,0x00000007fb580000)
 ParOldGen       total 269312K, used 199725K [0x00000007c0000000, 0x00000007d0700000, 0x00000007eaa80000)
  object space 269312K, 74% used [0x00000007c0000000,0x00000007cc30b7e0,0x00000007d0700000)
 PSPermGen       total 21504K, used 2799K [0x00000007bae00000, 0x00000007bc300000, 0x00000007c0000000)
  object space 21504K, 13% used [0x00000007bae00000,0x00000007bb0bbee0,0x00000007bc300000)
Event: 11.974 GC heap after
Heap after GC invocations=13 (full 3):
 PSYoungGen      total 157184K, used 116192K [0x00000007eaa80000, 0x00000007fb800000, 0x0000000800000000)
  eden space 40960K, 0% used [0x00000007eaa80000,0x00000007eaa80000,0x00000007ed280000)
  from space 116224K, 99% used [0x00000007f4400000,0x00000007fb578010,0x00000007fb580000)
  to   space 116224K, 0% used [0x00000007ed280000,0x00000007ed280000,0x00000007f4400000)
 ParOldGen       total 269312K, used 217093K [0x00000007c0000000, 0x00000007d0700000, 0x00000007eaa80000)
  object space 269312K, 80% used [0x00000007c0000000,0x00000007cd4017e0,0x00000007d0700000)
 PSPermGen       total 21504K, used 2799K [0x00000007bae00000, 0x00000007bc300000, 0x00000007c0000000)
  object space 21504K, 13% used [0x00000007bae00000,0x00000007bb0bbee0,0x00000007bc300000)
}

