# JRE version: Java(TM) SE Runtime Environment (7.0_51-b13) (build 1.7.0_51-b13)
# Java VM: Java HotSpot(TM) 64-Bit Server VM (24.51-b03 mixed mode bsd-amd64 compressed oops)
Heap
 PSYoungGen      total 154624K, used 154592K [0x00000007eaa80000, 0x00000007fb800000, 0x0000000800000000)
  eden space 39936K, 100% used [0x00000007eaa80000,0x00000007ed180000,0x00000007ed180000)
  from space 114688K, 99% used [0x00000007f4300000,0x00000007fb2f8010,0x00000007fb300000)
  to   space 116224K, 0% used [0x00000007ed180000,0x00000007ed180000,0x00000007f4300000)
 ParOldGen       total 268288K, used 213342K [0x00000007c0000000, 0x00000007d0600000, 0x00000007eaa80000)
  object space 268288K, 79% used [0x00000007c0000000,0x00000007cd057860,0x00000007d0600000)
 PSPermGen       total 21504K, used 2799K [0x00000007bae00000, 0x00000007bc300000, 0x00000007c0000000)
  object space 21504K, 13% used [0x00000007bae00000,0x00000007bb0bbee0,0x00000007bc300000)
GC Heap History (10 events):
Event: 10.970 GC heap before
{Heap before GC invocations=9 (full 3):
 PSYoungGen      total 43008K, used 40448K [0x00000007eaa80000, 0x00000007f3a00000, 0x0000000800000000)
  eden space 40448K, 100% used [0x00000007eaa80000,0x00000007ed200000,0x00000007ed200000)
  from space 2560K, 0% used [0x00000007ed200000,0x00000007ed200000,0x00000007ed480000)
  to   space 49664K, 0% used [0x00000007f0980000,0x00000007f0980000,0x00000007f3a00000)
 ParOldGen       total 268288K, used 139558K [0x00000007c0000000, 0x00000007d0600000, 0x00000007eaa80000)
  object space 268288K, 52% used [0x00000007c0000000,0x00000007c8849860,0x00000007d0600000)
 PSPermGen       total 21504K, used 2798K [0x00000007bae00000, 0x00000007bc300000, 0x00000007c0000000)
  object space 21504K, 13% used [0x00000007bae00000,0x00000007bb0bba00,0x00000007bc300000)
Event: 11.118 GC heap after
Heap after GC invocations=9 (full 3):
 PSYoungGen      total 94208K, used 40000K [0x00000007eaa80000, 0x00000007f4000000, 0x0000000800000000)
  eden space 44544K, 0% used [0x00000007eaa80000,0x00000007eaa80000,0x00000007ed600000)
  from space 49664K, 80% used [0x00000007f0980000,0x00000007f3090000,0x00000007f3a00000)
  to   space 52736K, 0% used [0x00000007ed600000,0x00000007ed600000,0x00000007f0980000)
 ParOldGen       total 268288K, used 139558K [0x00000007c0000000, 0x00000007d0600000, 0x00000007eaa80000)
  object space 268288K, 52% used [0x00000007c0000000,0x00000007c8849860,0x00000007d0600000)
 PSPermGen       total 21504K, used 2798K [0x00000007bae00000, 0x00000007bc300000, 0x00000007c0000000)
  object space 21504K, 13% used [0x00000007bae00000,0x00000007bb0bba00,0x00000007bc300000)
}
Event: 11.567 GC heap before
{Heap before GC invocations=10 (full 3):
 PSYoungGen      total 94208K, used 84544K [0x00000007eaa80000, 0x00000007f4000000, 0x0000000800000000)
  eden space 44544K, 100% used [0x00000007eaa80000,0x00000007ed600000,0x00000007ed600000)
  from space 49664K, 80% used [0x00000007f0980000,0x00000007f3090000,0x00000007f3a00000)
  to   space 52736K, 0% used [0x00000007ed600000,0x00000007ed600000,0x00000007f0980000)
 ParOldGen       total 268288K, used 139558K [0x00000007c0000000, 0x00000007d0600000, 0x00000007eaa80000)
  object space 268288K, 52% used [0x00000007c0000000,0x00000007c8849860,0x00000007d0600000)
 PSPermGen       total 21504K, used 2798K [0x00000007bae00000, 0x00000007bc300000, 0x00000007c0000000)
  object space 21504K, 13% used [0x00000007bae00000,0x00000007bb0bba00,0x00000007bc300000)
Event: 11.777 GC heap after
Heap after GC invocations=10 (full 3):
 PSYoungGen      total 97280K, used 52736K [0x00000007eaa80000, 0x00000007f7580000, 0x0000000800000000)
  eden space 44544K, 0% used [0x00000007eaa80000,0x00000007eaa80000,0x00000007ed600000)
  from space 52736K, 100% used [0x00000007ed600000,0x00000007f0980000,0x00000007f0980000)
  to   space 76288K, 0% used [0x00000007f2b00000,0x00000007f2b00000,0x00000007f7580000)
 ParOldGen       total 268288K, used 170838K [0x00000007c0000000, 0x00000007d0600000, 0x00000007eaa80000)
  object space 268288K, 63% used [0x00000007c0000000,0x00000007ca6d5860,0x00000007d0600000)
 PSPermGen       total 21504K, used 2798K [0x00000007bae00000, 0x00000007bc300000, 0x00000007c0000000)
  object space 21504K, 13% used [0x00000007bae00000,0x00000007bb0bba00,0x00000007bc300000)
}
Event: 12.229 GC heap before
{Heap before GC invocations=11 (full 3):
 PSYoungGen      total 97280K, used 97280K [0x00000007eaa80000, 0x00000007f7580000, 0x0000000800000000)
  eden space 44544K, 100% used [0x00000007eaa80000,0x00000007ed600000,0x00000007ed600000)
  from space 52736K, 100% used [0x00000007ed600000,0x00000007f0980000,0x00000007f0980000)
  to   space 76288K, 0% used [0x00000007f2b00000,0x00000007f2b00000,0x00000007f7580000)
 ParOldGen       total 268288K, used 170838K [0x00000007c0000000, 0x00000007d0600000, 0x00000007eaa80000)
  object space 268288K, 63% used [0x00000007c0000000,0x00000007ca6d5860,0x00000007d0600000)
 PSPermGen       total 21504K, used 2798K [0x00000007bae00000, 0x00000007bc300000, 0x00000007c0000000)
  object space 21504K, 13% used [0x00000007bae00000,0x00000007bb0bba00,0x00000007bc300000)
Event: 12.404 GC heap after
Heap after GC invocations=11 (full 3):
 PSYoungGen      total 110592K, used 76288K [0x00000007eaa80000, 0x00000007fa080000, 0x0000000800000000)
  eden space 34304K, 0% used [0x00000007eaa80000,0x00000007eaa80000,0x00000007ecc00000)
  from space 76288K, 100% used [0x00000007f2b00000,0x00000007f7580000,0x00000007f7580000)
  to   space 97280K, 0% used [0x00000007ecc00000,0x00000007ecc00000,0x00000007f2b00000)
 ParOldGen       total 268288K, used 191550K [0x00000007c0000000, 0x00000007d0600000, 0x00000007eaa80000)
  object space 268288K, 71% used [0x00000007c0000000,0x00000007cbb0f860,0x00000007d0600000)
 PSPermGen       total 21504K, used 2798K [0x00000007bae00000, 0x00000007bc300000, 0x00000007c0000000)
  object space 21504K, 13% used [0x00000007bae00000,0x00000007bb0bba00,0x00000007bc300000)
}
Event: 12.740 GC heap before
{Heap before GC invocations=12 (full 3):
 PSYoungGen      total 110592K, used 109379K [0x00000007eaa80000, 0x00000007fa080000, 0x0000000800000000)
  eden space 34304K, 96% used [0x00000007eaa80000,0x00000007ecad0fd8,0x00000007ecc00000)
  from space 76288K, 100% used [0x00000007f2b00000,0x00000007f7580000,0x00000007f7580000)
  to   space 97280K, 0% used [0x00000007ecc00000,0x00000007ecc00000,0x00000007f2b00000)
 ParOldGen       total 268288K, used 191550K [0x00000007c0000000, 0x00000007d0600000, 0x00000007eaa80000)
  object space 268288K, 71% used [0x00000007c0000000,0x00000007cbb0f860,0x00000007d0600000)
 PSPermGen       total 21504K, used 2798K [0x00000007bae00000, 0x00000007bc300000, 0x00000007c0000000)
  object space 21504K, 13% used [0x00000007bae00000,0x00000007bb0bba00,0x00000007bc300000)
Event: 12.907 GC heap after
Heap after GC invocations=12 (full 3):
 PSYoungGen      total 131584K, used 97280K [0x00000007eaa80000, 0x00000007fb300000, 0x0000000800000000)
  eden space 34304K, 0% used [0x00000007eaa80000,0x00000007eaa80000,0x00000007ecc00000)
  from space 97280K, 100% used [0x00000007ecc00000,0x00000007f2b00000,0x00000007f2b00000)
  to   space 114688K, 0% used [0x00000007f4300000,0x00000007f4300000,0x00000007fb300000)
 ParOldGen       total 268288K, used 196334K [0x00000007c0000000, 0x00000007d0600000, 0x00000007eaa80000)
  object space 268288K, 73% used [0x00000007c0000000,0x00000007cbfbb860,0x00000007d0600000)
 PSPermGen       total 21504K, used 2798K [0x00000007bae00000, 0x00000007bc300000, 0x00000007c0000000)
  object space 21504K, 13% used [0x00000007bae00000,0x00000007bb0bba00,0x00000007bc300000)
}
Event: 12.965 GC heap before
{Heap before GC invocations=13 (full 3):
 PSYoungGen      total 131584K, used 131584K [0x00000007eaa80000, 0x00000007fb300000, 0x0000000800000000)
  eden space 34304K, 100% used [0x00000007eaa80000,0x00000007ecc00000,0x00000007ecc00000)
  from space 97280K, 100% used [0x00000007ecc00000,0x00000007f2b00000,0x00000007f2b00000)
  to   space 114688K, 0% used [0x00000007f4300000,0x00000007f4300000,0x00000007fb300000)
 ParOldGen       total 268288K, used 196334K [0x00000007c0000000, 0x00000007d0600000, 0x00000007eaa80000)
  object space 268288K, 73% used [0x00000007c0000000,0x00000007cbfbb860,0x00000007d0600000)
 PSPermGen       total 21504K, used 2799K [0x00000007bae00000, 0x00000007bc300000, 0x00000007c0000000)
  object space 21504K, 13% used [0x00000007bae00000,0x00000007bb0bbee0,0x00000007bc300000)
Event: 13.149 GC heap after
Heap after GC invocations=13 (full 3):
 PSYoungGen      total 154624K, used 114656K [0x00000007eaa80000, 0x00000007fb800000, 0x0000000800000000)
  eden space 39936K, 0% used [0x00000007eaa80000,0x00000007eaa80000,0x00000007ed180000)
  from space 114688K, 99% used [0x00000007f4300000,0x00000007fb2f8010,0x00000007fb300000)
  to   space 116224K, 0% used [0x00000007ed180000,0x00000007ed180000,0x00000007f4300000)
 ParOldGen       total 268288K, used 213342K [0x00000007c0000000, 0x00000007d0600000, 0x00000007eaa80000)
  object space 268288K, 79% used [0x00000007c0000000,0x00000007cd057860,0x00000007d0600000)
 PSPermGen       total 21504K, used 2799K [0x00000007bae00000, 0x00000007bc300000, 0x00000007c0000000)
  object space 21504K, 13% used [0x00000007bae00000,0x00000007bb0bbee0,0x00000007bc300000)
}

