# JRE version: Java(TM) SE Runtime Environment (7.0_51-b13) (build 1.7.0_51-b13)
# Java VM: Java HotSpot(TM) 64-Bit Server VM (24.51-b03 mixed mode bsd-amd64 compressed oops)
Heap
 PSYoungGen      total 43008K, used 43008K [0x0000000135d80000, 0x0000000138b80000, 0x000000014b300000)
  eden space 40448K, 100% used [0x0000000135d80000,0x0000000138500000,0x0000000138500000)
  from space 2560K, 100% used [0x0000000138780000,0x0000000138a00000,0x0000000138a00000)
  to   space 2560K, 0% used [0x0000000138500000,0x0000000138500000,0x0000000138780000)
 ParOldGen       total 137216K, used 82412K [0x000000010b300000, 0x0000000113900000, 0x0000000135d80000)
  object space 137216K, 60% used [0x000000010b300000,0x000000011037b040,0x0000000113900000)
 PSPermGen       total 21504K, used 2799K [0x0000000106100000, 0x0000000107600000, 0x000000010b300000)
  object space 21504K, 13% used [0x0000000106100000,0x00000001063bbd78,0x0000000107600000)
GC Heap History (10 events):
Event: 1.063 GC heap before
{Heap before GC invocations=2 (full 0):
 PSYoungGen      total 19456K, used 19440K [0x0000000135d80000, 0x0000000138380000, 0x000000014b300000)
  eden space 16896K, 100% used [0x0000000135d80000,0x0000000136e00000,0x0000000136e00000)
  from space 2560K, 99% used [0x0000000136e00000,0x000000013707c010,0x0000000137080000)
  to   space 2560K, 0% used [0x0000000138100000,0x0000000138100000,0x0000000138380000)
 ParOldGen       total 43520K, used 13392K [0x000000010b300000, 0x000000010dd80000, 0x0000000135d80000)
  object space 43520K, 30% used [0x000000010b300000,0x000000010c014000,0x000000010dd80000)
 PSPermGen       total 21504K, used 2796K [0x0000000106100000, 0x0000000107600000, 0x000000010b300000)
  object space 21504K, 13% used [0x0000000106100000,0x00000001063bb0b8,0x0000000107600000)
Event: 1.153 GC heap after
Heap after GC invocations=2 (full 0):
 PSYoungGen      total 36352K, used 2528K [0x0000000135d80000, 0x0000000138380000, 0x000000014b300000)
  eden space 33792K, 0% used [0x0000000135d80000,0x0000000135d80000,0x0000000137e80000)
  from space 2560K, 98% used [0x0000000138100000,0x0000000138378020,0x0000000138380000)
  to   space 2560K, 0% used [0x0000000137e80000,0x0000000137e80000,0x0000000138100000)
 ParOldGen       total 43520K, used 29696K [0x000000010b300000, 0x000000010dd80000, 0x0000000135d80000)
  object space 43520K, 68% used [0x000000010b300000,0x000000010d000000,0x000000010dd80000)
 PSPermGen       total 21504K, used 2796K [0x0000000106100000, 0x0000000107600000, 0x000000010b300000)
  object space 21504K, 13% used [0x0000000106100000,0x00000001063bb0b8,0x0000000107600000)
}
Event: 1.153 GC heap before
{Heap before GC invocations=3 (full 1):
 PSYoungGen      total 36352K, used 2528K [0x0000000135d80000, 0x0000000138380000, 0x000000014b300000)
  eden space 33792K, 0% used [0x0000000135d80000,0x0000000135d80000,0x0000000137e80000)
  from space 2560K, 98% used [0x0000000138100000,0x0000000138378020,0x0000000138380000)
  to   space 2560K, 0% used [0x0000000137e80000,0x0000000137e80000,0x0000000138100000)
 ParOldGen       total 43520K, used 29696K [0x000000010b300000, 0x000000010dd80000, 0x0000000135d80000)
  object space 43520K, 68% used [0x000000010b300000,0x000000010d000000,0x000000010dd80000)
 PSPermGen       total 21504K, used 2796K [0x0000000106100000, 0x0000000107600000, 0x000000010b300000)
  object space 21504K, 13% used [0x0000000106100000,0x00000001063bb0b8,0x0000000107600000)
Event: 2.404 GC heap after
Heap after GC invocations=3 (full 1):
 PSYoungGen      total 36352K, used 0K [0x0000000135d80000, 0x0000000138380000, 0x000000014b300000)
  eden space 33792K, 0% used [0x0000000135d80000,0x0000000135d80000,0x0000000137e80000)
  from space 2560K, 0% used [0x0000000138100000,0x0000000138100000,0x0000000138380000)
  to   space 2560K, 0% used [0x0000000137e80000,0x0000000137e80000,0x0000000138100000)
 ParOldGen       total 79360K, used 32051K [0x000000010b300000, 0x0000000110080000, 0x0000000135d80000)
  object space 79360K, 40% used [0x000000010b300000,0x000000010d24cfb8,0x0000000110080000)
 PSPermGen       total 21504K, used 2795K [0x0000000106100000, 0x0000000107600000, 0x000000010b300000)
  object space 21504K, 12% used [0x0000000106100000,0x00000001063bace8,0x0000000107600000)
}
Event: 2.911 GC heap before
{Heap before GC invocations=4 (full 1):
 PSYoungGen      total 36352K, used 33792K [0x0000000135d80000, 0x0000000138380000, 0x000000014b300000)
  eden space 33792K, 100% used [0x0000000135d80000,0x0000000137e80000,0x0000000137e80000)
  from space 2560K, 0% used [0x0000000138100000,0x0000000138100000,0x0000000138380000)
  to   space 2560K, 0% used [0x0000000137e80000,0x0000000137e80000,0x0000000138100000)
 ParOldGen       total 79360K, used 32051K [0x000000010b300000, 0x0000000110080000, 0x0000000135d80000)
  object space 79360K, 40% used [0x000000010b300000,0x000000010d24cfb8,0x0000000110080000)
 PSPermGen       total 21504K, used 2798K [0x0000000106100000, 0x0000000107600000, 0x000000010b300000)
  object space 21504K, 13% used [0x0000000106100000,0x00000001063bb898,0x0000000107600000)
Event: 3.007 GC heap after
Heap after GC invocations=4 (full 1):
 PSYoungGen      total 36352K, used 2560K [0x0000000135d80000, 0x0000000138a00000, 0x000000014b300000)
  eden space 33792K, 0% used [0x0000000135d80000,0x0000000135d80000,0x0000000137e80000)
  from space 2560K, 100% used [0x0000000137e80000,0x0000000138100000,0x0000000138100000)
  to   space 2560K, 0% used [0x0000000138780000,0x0000000138780000,0x0000000138a00000)
 ParOldGen       total 79360K, used 62667K [0x000000010b300000, 0x0000000110080000, 0x0000000135d80000)
  object space 79360K, 78% used [0x000000010b300000,0x000000010f032fb8,0x0000000110080000)
 PSPermGen       total 21504K, used 2798K [0x0000000106100000, 0x0000000107600000, 0x000000010b300000)
  object space 21504K, 13% used [0x0000000106100000,0x00000001063bb898,0x0000000107600000)
}
Event: 3.007 GC heap before
{Heap before GC invocations=5 (full 2):
 PSYoungGen      total 36352K, used 2560K [0x0000000135d80000, 0x0000000138a00000, 0x000000014b300000)
  eden space 33792K, 0% used [0x0000000135d80000,0x0000000135d80000,0x0000000137e80000)
  from space 2560K, 100% used [0x0000000137e80000,0x0000000138100000,0x0000000138100000)
  to   space 2560K, 0% used [0x0000000138780000,0x0000000138780000,0x0000000138a00000)
 ParOldGen       total 79360K, used 62667K [0x000000010b300000, 0x0000000110080000, 0x0000000135d80000)
  object space 79360K, 78% used [0x000000010b300000,0x000000010f032fb8,0x0000000110080000)
 PSPermGen       total 21504K, used 2798K [0x0000000106100000, 0x0000000107600000, 0x000000010b300000)
  object space 21504K, 13% used [0x0000000106100000,0x00000001063bb898,0x0000000107600000)
Event: 3.303 GC heap after
Heap after GC invocations=5 (full 2):
 PSYoungGen      total 36352K, used 0K [0x0000000135d80000, 0x0000000138a00000, 0x000000014b300000)
  eden space 33792K, 0% used [0x0000000135d80000,0x0000000135d80000,0x0000000137e80000)
  from space 2560K, 0% used [0x0000000137e80000,0x0000000137e80000,0x0000000138100000)
  to   space 2560K, 0% used [0x0000000138780000,0x0000000138780000,0x0000000138a00000)
 ParOldGen       total 137216K, used 51132K [0x000000010b300000, 0x0000000113900000, 0x0000000135d80000)
  object space 137216K, 37% used [0x000000010b300000,0x000000010e4ef030,0x0000000113900000)
 PSPermGen       total 21504K, used 2798K [0x0000000106100000, 0x0000000107600000, 0x000000010b300000)
  object space 21504K, 13% used [0x0000000106100000,0x00000001063bb898,0x0000000107600000)
}
Event: 3.488 GC heap before
{Heap before GC invocations=6 (full 2):
 PSYoungGen      total 36352K, used 33792K [0x0000000135d80000, 0x0000000138a00000, 0x000000014b300000)
  eden space 33792K, 100% used [0x0000000135d80000,0x0000000137e80000,0x0000000137e80000)
  from space 2560K, 0% used [0x0000000137e80000,0x0000000137e80000,0x0000000138100000)
  to   space 2560K, 0% used [0x0000000138780000,0x0000000138780000,0x0000000138a00000)
 ParOldGen       total 137216K, used 51132K [0x000000010b300000, 0x0000000113900000, 0x0000000135d80000)
  object space 137216K, 37% used [0x000000010b300000,0x000000010e4ef030,0x0000000113900000)
 PSPermGen       total 21504K, used 2799K [0x0000000106100000, 0x0000000107600000, 0x000000010b300000)
  object space 21504K, 13% used [0x0000000106100000,0x00000001063bbd78,0x0000000107600000)
Event: 3.584 GC heap after
Heap after GC invocations=6 (full 2):
 PSYoungGen      total 43008K, used 2560K [0x0000000135d80000, 0x0000000138b80000, 0x000000014b300000)
  eden space 40448K, 0% used [0x0000000135d80000,0x0000000135d80000,0x0000000138500000)
  from space 2560K, 100% used [0x0000000138780000,0x0000000138a00000,0x0000000138a00000)
  to   space 2560K, 0% used [0x0000000138500000,0x0000000138500000,0x0000000138780000)
 ParOldGen       total 137216K, used 82412K [0x000000010b300000, 0x0000000113900000, 0x0000000135d80000)
  object space 137216K, 60% used [0x000000010b300000,0x000000011037b040,0x0000000113900000)
 PSPermGen       total 21504K, used 2799K [0x0000000106100000, 0x0000000107600000, 0x000000010b300000)
  object space 21504K, 13% used [0x0000000106100000,0x00000001063bbd78,0x0000000107600000)
}

